

times in msec
 clock   self+sourced   self:  sourced script
 clock   elapsed:              other lines

000.019  000.019: --- VIM STARTING ---
000.405  000.386: Allocated generic buffers
000.697  000.292: locale set
000.712  000.015: window checked
002.179  001.467: inits 1
002.305  000.126: parsing arguments
002.309  000.004: expanding arguments
002.412  000.103: shell init
003.348  000.936: Termcap init
003.443  000.095: inits 2
003.852  000.409: init highlight
004.825  000.676  000.676: sourcing /usr/share/vim/vimfiles/archlinux.vim
004.911  000.947  000.271: sourcing /etc/vimrc
008.874  002.871  002.871: sourcing /usr/share/vim/vim81/syntax/syncolor.vim
009.287  003.479  000.608: sourcing /usr/share/vim/vim81/syntax/synload.vim
030.107  000.066  000.066: sourcing /usr/share/vim/vimfiles/ftdetect/PKGBUILD.vim
030.229  000.061  000.061: sourcing /usr/share/vim/vimfiles/ftdetect/conkyrc.vim
030.416  000.137  000.137: sourcing /usr/share/vim/vimfiles/ftdetect/task.vim
030.684  021.240  020.976: sourcing /usr/share/vim/vim81/filetype.vim
030.790  025.190  000.471: sourcing /usr/share/vim/vim81/syntax/syntax.vim
030.935  000.039  000.039: sourcing /usr/share/vim/vim81/filetype.vim
031.165  000.116  000.116: sourcing /usr/share/vim/vim81/ftplugin.vim
036.366  004.803  004.803: sourcing /home/gabe/.vim/autoload/plug.vim
041.377  001.724  001.724: sourcing /usr/share/vim/vim81/ftoff.vim
068.670  000.850  000.850: sourcing /home/gabe/repos/private/vim/plugged/vim-go/ftdetect/gofiletype.vim
068.956  000.043  000.043: sourcing /usr/share/vim/vimfiles/ftdetect/PKGBUILD.vim
069.065  000.056  000.056: sourcing /usr/share/vim/vimfiles/ftdetect/conkyrc.vim
069.235  000.120  000.120: sourcing /usr/share/vim/vimfiles/ftdetect/task.vim
069.474  022.962  021.893: sourcing /usr/share/vim/vim81/filetype.vim
069.795  000.037  000.037: sourcing /usr/share/vim/vim81/ftplugin.vim
070.231  000.121  000.121: sourcing /usr/share/vim/vim81/indent.vim
071.767  000.557  000.557: sourcing /usr/share/vim/vim81/syntax/syncolor.vim
072.790  000.526  000.526: sourcing /usr/share/vim/vim81/syntax/syncolor.vim
094.270  023.744  022.661: sourcing /home/gabe/repos/private/vim/plugged/nord-vim/colors/nord.vim
094.288  089.271  010.535: sourcing $HOME/.vimrc
094.396  000.326: sourcing vimrc file(s)
095.218  000.038  000.038: sourcing /usr/share/vim/vim81/filetype.vim
095.519  000.031  000.031: sourcing /usr/share/vim/vim81/ftplugin.vim
095.808  000.029  000.029: sourcing /usr/share/vim/vim81/indent.vim
099.012  001.033  001.033: sourcing /usr/share/vim/vim81/pack/dist/opt/matchit/plugin/matchit.vim
099.359  002.190  001.157: sourcing /usr/share/vim/vim81/macros/matchit.vim
099.495  004.634  002.346: sourcing /home/gabe/repos/private/vim/plugged/vim-sensible/plugin/sensible.vim
101.155  001.439  001.439: sourcing /home/gabe/repos/private/vim/plugged/auto-pairs/plugin/auto-pairs.vim
114.009  012.594  012.594: sourcing /home/gabe/repos/private/vim/plugged/nerdcommenter/plugin/NERD_commenter.vim
114.376  000.018  000.018: sourcing /home/gabe/repos/private/vim/plugged/syntastic/plugin/syntastic/autoloclist.vim
114.409  000.013  000.013: sourcing /home/gabe/repos/private/vim/plugged/syntastic/plugin/syntastic/balloons.vim
114.439  000.012  000.012: sourcing /home/gabe/repos/private/vim/plugged/syntastic/plugin/syntastic/checker.vim
114.469  000.012  000.012: sourcing /home/gabe/repos/private/vim/plugged/syntastic/plugin/syntastic/cursor.vim
114.498  000.012  000.012: sourcing /home/gabe/repos/private/vim/plugged/syntastic/plugin/syntastic/highlighting.vim
114.527  000.012  000.012: sourcing /home/gabe/repos/private/vim/plugged/syntastic/plugin/syntastic/loclist.vim
114.556  000.012  000.012: sourcing /home/gabe/repos/private/vim/plugged/syntastic/plugin/syntastic/modemap.vim
114.590  000.013  000.013: sourcing /home/gabe/repos/private/vim/plugged/syntastic/plugin/syntastic/notifiers.vim
114.619  000.012  000.012: sourcing /home/gabe/repos/private/vim/plugged/syntastic/plugin/syntastic/registry.vim
114.648  000.012  000.012: sourcing /home/gabe/repos/private/vim/plugged/syntastic/plugin/syntastic/signs.vim
115.384  000.515  000.515: sourcing /home/gabe/repos/private/vim/plugged/syntastic/autoload/syntastic/util.vim
122.935  000.071  000.071: sourcing /home/gabe/repos/private/vim/plugged/syntastic/plugin/syntastic/autoloclist.vim
123.025  000.066  000.066: sourcing /home/gabe/repos/private/vim/plugged/syntastic/plugin/syntastic/balloons.vim
123.244  000.199  000.199: sourcing /home/gabe/repos/private/vim/plugged/syntastic/plugin/syntastic/checker.vim
123.379  000.113  000.113: sourcing /home/gabe/repos/private/vim/plugged/syntastic/plugin/syntastic/cursor.vim
123.488  000.085  000.085: sourcing /home/gabe/repos/private/vim/plugged/syntastic/plugin/syntastic/highlighting.vim
123.811  000.304  000.304: sourcing /home/gabe/repos/private/vim/plugged/syntastic/plugin/syntastic/loclist.vim
123.922  000.088  000.088: sourcing /home/gabe/repos/private/vim/plugged/syntastic/plugin/syntastic/modemap.vim
124.017  000.073  000.073: sourcing /home/gabe/repos/private/vim/plugged/syntastic/plugin/syntastic/notifiers.vim
124.391  000.353  000.353: sourcing /home/gabe/repos/private/vim/plugged/syntastic/plugin/syntastic/registry.vim
124.514  000.101  000.101: sourcing /home/gabe/repos/private/vim/plugged/syntastic/plugin/syntastic/signs.vim
125.502  010.806  008.838: sourcing /home/gabe/repos/private/vim/plugged/syntastic/plugin/syntastic.vim
126.070  000.113  000.113: sourcing /home/gabe/repos/private/vim/plugged/vim-airline/autoload/airline/init.vim
126.551  000.105  000.105: sourcing /home/gabe/repos/private/vim/plugged/vim-airline/autoload/airline/parts.vim
127.890  000.198  000.198: sourcing /home/gabe/repos/private/vim/plugged/vim-airline/autoload/airline/util.vim
127.980  002.376  001.960: sourcing /home/gabe/repos/private/vim/plugged/vim-airline/plugin/airline.vim
128.727  000.497  000.497: sourcing /home/gabe/repos/private/vim/plugged/vim-go/autoload/go/config.vim
129.584  000.423  000.423: sourcing /home/gabe/repos/private/vim/plugged/vim-go/autoload/go/util.vim
129.618  001.528  000.608: sourcing /home/gabe/repos/private/vim/plugged/vim-go/plugin/go.vim
230.965  101.240  101.240: sourcing /home/gabe/.vim/plugged/vim-presence/plugin/vim-presence.vim
232.235  001.111  001.111: sourcing /usr/share/vim/vimfiles/plugin/fzf.vim
232.724  000.111  000.111: sourcing /usr/share/vim/vim81/plugin/getscriptPlugin.vim
233.100  000.343  000.343: sourcing /usr/share/vim/vim81/plugin/gzip.vim
233.798  000.658  000.658: sourcing /usr/share/vim/vim81/plugin/logiPat.vim
233.905  000.066  000.066: sourcing /usr/share/vim/vim81/plugin/manpager.vim
234.287  000.349  000.349: sourcing /usr/share/vim/vim81/plugin/matchparen.vim
235.382  001.059  001.059: sourcing /usr/share/vim/vim81/plugin/netrwPlugin.vim
235.457  000.026  000.026: sourcing /usr/share/vim/vim81/plugin/rrhelper.vim
235.544  000.046  000.046: sourcing /usr/share/vim/vim81/plugin/spellfile.vim
235.865  000.283  000.283: sourcing /usr/share/vim/vim81/plugin/tarPlugin.vim
236.050  000.142  000.142: sourcing /usr/share/vim/vim81/plugin/tohtml.vim
236.413  000.321  000.321: sourcing /usr/share/vim/vim81/plugin/vimballPlugin.vim
236.786  000.321  000.321: sourcing /usr/share/vim/vim81/plugin/zipPlugin.vim
236.794  002.817: loading plugins
236.875  000.081: loading packages
236.917  000.042: loading after plugins
236.935  000.018: inits 3
237.792  000.857: reading viminfo
237.805  000.013: setting raw mode
237.822  000.017: start termcap
237.864  000.042: clearing screen
239.334  000.698  000.698: sourcing /home/gabe/repos/private/vim/plugged/syntastic/autoload/syntastic/log.vim
241.380  001.768  001.768: sourcing /home/gabe/repos/private/vim/plugged/vim-airline/autoload/airline/extensions.vim
241.763  000.180  000.180: sourcing /home/gabe/repos/private/vim/plugged/vim-airline/autoload/airline/extensions/quickfix.vim
242.524  000.631  000.631: sourcing /home/gabe/repos/private/vim/plugged/vim-airline/autoload/airline.vim
242.867  000.116  000.116: sourcing /home/gabe/repos/private/vim/plugged/vim-airline/autoload/airline/extensions/netrw.vim
243.470  000.215  000.215: sourcing /home/gabe/repos/private/vim/plugged/vim-airline/autoload/airline/section.vim
244.526  000.733  000.733: sourcing /home/gabe/repos/private/vim/plugged/vim-airline/autoload/airline/highlighter.vim
244.851  001.798  000.850: sourcing /home/gabe/repos/private/vim/plugged/vim-airline/autoload/airline/extensions/term.vim
245.380  000.138  000.138: sourcing /home/gabe/repos/private/vim/plugged/vim-airline/autoload/airline/extensions/syntastic.vim
245.872  000.293  000.293: sourcing /home/gabe/repos/private/vim/plugged/vim-airline/autoload/airline/extensions/whitespace.vim
246.458  000.159  000.159: sourcing /home/gabe/repos/private/vim/plugged/vim-airline/autoload/airline/extensions/po.vim
246.826  000.219  000.219: sourcing /home/gabe/repos/private/vim/plugged/vim-airline/autoload/airline/extensions/wordcount.vim
247.120  000.072  000.072: sourcing /home/gabe/repos/private/vim/plugged/vim-airline/autoload/airline/extensions/keymap.vim
255.438  000.196  000.196: sourcing /home/gabe/repos/private/vim/plugged/vim-airline/autoload/airline/themes.vim
255.838  000.789  000.593: sourcing /home/gabe/repos/private/vim/plugged/nord-vim/autoload/airline/themes/nord.vim
278.173  000.380  000.380: sourcing /home/gabe/repos/private/vim/plugged/vim-airline/autoload/airline/builder.vim
278.686  000.104  000.104: sourcing /home/gabe/repos/private/vim/plugged/vim-airline/autoload/airline/extensions/default.vim
332.952  087.743: opening buffers
334.791  001.839: BufEnter autocommands
334.793  000.002: editing files in windows
643.075  308.282: VimEnter autocommands
643.081  000.006: before starting main loop
653.971  010.890: first screen update
653.978  000.007: --- VIM STARTED ---
